<?xml version="1.0" encoding="utf-8"?><testsuites name="pytest tests"><testsuite name="pytest" errors="0" failures="0" skipped="0" tests="9" time="1.607" timestamp="2026-08-02T11:23:34.575699+00:00" hostname="agent-env-e8b75c74-2eca-4da1-9a8f-cbe819bbe430"><testcase classname="tests.test_admin_features.TestEnquiryEmailHook" name="test_enquiry_create_still_works" time="0.416" /><testcase classname="tests.test_admin_features.TestAdminAuth" name="test_overview_401_without_auth" time="0.199" /><testcase classname="tests.test_admin_features.TestAdminAuth" name="test_overview_200_with_token" time="0.489" /><testcase classname="tests.test_admin_features.TestEnquiryEmailHook" name="test_enquiry_appears_in_admin_list" time="0.144" /><testcase classname="tests.test_admin_features.TestEnquiryStatusPatch" name="test_patch_status_flow" time="0.336" /><testcase classname="tests.test_admin_features.TestAdminAuth" name="test_coverage_401" time="0.119" /><testcase classname="tests.test_admin_features.TestAdminAuth" name="test_coverage_returns_brands_with_latin_labels" time="0.095" /><testcase classname="tests.test_admin_features.TestAdminAuth" name="test_enquiries_401" time="0.101" /><testcase classname="tests.test_admin_features.TestAdminAuth" name="test_enquiries_list" time="0.100" /></testsuite></testsuites>