<?xml version="1.0" encoding="utf-8"?><testsuites name="pytest tests"><testsuite name="pytest" errors="0" failures="1" skipped="0" tests="14" time="18.615" timestamp="2026-08-06T12:46:30.994696+00:00" hostname="agent-env-e8b75c74-2eca-4da1-9a8f-cbe819bbe430"><testcase classname="tests.test_google_auth_and_cms.TestGoogleAuthBackend" name="test_bogus_session_id_returns_401" time="0.359" /><testcase classname="tests.test_google_auth_and_cms.TestCmsSeo" name="test_save_and_read_seo" time="0.881" /><testcase classname="tests.test_google_auth_and_cms.TestGoogleAuthBackend" name="test_empty_session_id_returns_400" time="0.154" /><testcase classname="tests.test_google_auth_and_cms.TestGoogleAuthBackend" name="test_missing_session_id_field_returns_422" time="0.135" /><testcase classname="tests.test_google_auth_and_cms.TestCmsBody" name="test_body_saved_and_sanitised" time="0.423" /><testcase classname="tests.test_google_auth_and_cms.TestCmsSeo" name="test_unknown_slug_404" time="0.056" /><testcase classname="tests.test_google_auth_and_cms.TestCmsSeo" name="test_unknown_lang_400" time="0.054" /><testcase classname="tests.test_google_auth_and_cms.TestExistingAuth" name="test_admin_login_and_me" time="0.095" /><testcase classname="tests.test_google_auth_and_cms.TestCmsBody" name="test_home_body_is_ignored" time="0.274" /><testcase classname="tests.test_google_auth_and_cms.TestCmsReset" name="test_delete_restores_builtin" time="0.283" /><testcase classname="tests.test_google_auth_and_cms.TestCmsTranslate" name="test_translate_no_source_400" time="0.116" /><testcase classname="tests.test_google_auth_and_cms.TestCmsCompany" name="test_company_save_and_read" time="16.379" /><testcase classname="tests.test_google_auth_and_cms.TestCmsTranslate" name="test_translate_bg_to_ro_en_preserves_tags" time="1.011"><failure message="AssertionError: translate failed: 503 {&quot;detail&quot;:&quot;no working translation key: check ANTHROPIC_API_KEY&quot;}&#10;assert 503 == 200&#10; +  where 503 = &lt;Response [503]&gt;.status_code">backend/tests/test_google_auth_and_cms.py:236: in test_translate_bg_to_ro_en_preserves_tags
    assert r.status_code == 200, f"translate failed: {r.status_code} {r.text[:300]}"
E   AssertionError: translate failed: 503 {"detail":"no working translation key: check ANTHROPIC_API_KEY"}
E   assert 503 == 200
E    +  where 503 = &lt;Response [503]&gt;.status_code</failure></testcase><testcase classname="tests.test_google_auth_and_cms.TestAdminAuth" name="test_all_admin_cms_routes_require_auth" time="0.510" /></testsuite></testsuites>