<?xml version="1.0" encoding="utf-8"?><testsuites name="pytest tests"><testsuite name="pytest" errors="0" failures="3" skipped="0" tests="26" time="64.553" timestamp="2026-09-01T00:37:25.774621+00:00" hostname="agent-env-e8b75c74-2eca-4da1-9a8f-cbe819bbe430"><testcase classname="tests.test_ai_usage_and_desc.TestAiIter44" name="test_A1_cached_listing_streams_translated_text" time="0.262" /><testcase classname="tests.test_ai_usage_and_desc.TestAiIter44" name="test_A2_fresh_translations_all_langs[42379220-bg]" time="0.174" /><testcase classname="tests.test_ai_usage_and_desc.TestAiIter44" name="test_A2_fresh_translations_all_langs[42379220-en]" time="0.146" /><testcase classname="tests.test_ai_usage_and_desc.TestAiIter44" name="test_A2_fresh_translations_all_langs[42379220-ro]" time="3.948" /><testcase classname="tests.test_ai_usage_and_desc.TestAiIter44" name="test_A2_fresh_translations_all_langs[42379220-pl]" time="17.062"><failure message="AssertionError: stream failed listing=42379220 lang=pl err=translation is unavailable right now&#10;assert (False)">backend/tests/test_ai_usage_and_desc.py:99: in test_A2_fresh_translations_all_langs
    assert done and not err, (
E   AssertionError: stream failed listing=42379220 lang=pl err=translation is unavailable right now
E   assert (False)</failure></testcase><testcase classname="tests.test_ai_usage_and_desc.TestAiIter44" name="test_A2_fresh_translations_all_langs[41834945-bg]" time="0.234" /><testcase classname="tests.test_ai_usage_and_desc.TestAiIter44" name="test_A2_fresh_translations_all_langs[41834945-en]" time="0.167" /><testcase classname="tests.test_ai_usage_and_desc.TestAiIter44" name="test_A2_fresh_translations_all_langs[41834945-ro]" time="4.133" /><testcase classname="tests.test_ai_usage_and_desc.TestAiIter44" name="test_A2_fresh_translations_all_langs[41834945-pl]" time="3.812" /><testcase classname="tests.test_ai_usage_and_desc.TestAiIter44" name="test_A2_fresh_translations_all_langs[42345245-bg]" time="0.160" /><testcase classname="tests.test_ai_usage_and_desc.TestAiIter44" name="test_A2_fresh_translations_all_langs[42345245-en]" time="2.770" /><testcase classname="tests.test_ai_usage_and_desc.TestAiIter44" name="test_A2_fresh_translations_all_langs[42345245-ro]" time="11.771"><failure message="AssertionError: stream failed listing=42345245 lang=ro err=translation is unavailable right now&#10;assert (False)">backend/tests/test_ai_usage_and_desc.py:99: in test_A2_fresh_translations_all_langs
    assert done and not err, (
E   AssertionError: stream failed listing=42345245 lang=ro err=translation is unavailable right now
E   assert (False)</failure></testcase><testcase classname="tests.test_ai_usage_and_desc.TestAiIter44" name="test_A2_fresh_translations_all_langs[42345245-pl]" time="11.836"><failure message="AssertionError: stream failed listing=42345245 lang=pl err=translation is unavailable right now&#10;assert (False)">backend/tests/test_ai_usage_and_desc.py:99: in test_A2_fresh_translations_all_langs
    assert done and not err, (
E   AssertionError: stream failed listing=42345245 lang=pl err=translation is unavailable right now
E   assert (False)</failure></testcase><testcase classname="tests.test_ai_usage_and_desc.TestAiIter44" name="test_A3_cache_second_request_fast_no_new_ai_call" time="2.827" /><testcase classname="tests.test_ai_usage_and_desc.TestAiIter44" name="test_B1_ai_calls_has_recent_description_rows" time="1.666" /><testcase classname="tests.test_ai_usage_and_desc.TestAiIter44" name="test_B2_failed_rows_have_error_string" time="0.003" /><testcase classname="tests.test_ai_usage_and_desc.TestAiIter44" name="test_C1_ai_usage_requires_admin" time="0.308" /><testcase classname="tests.test_ai_usage_and_desc.TestAiIter44" name="test_C2_ai_usage_shape_billing_unavailable[7]" time="0.129" /><testcase classname="tests.test_ai_usage_and_desc.TestAiIter44" name="test_C2_ai_usage_shape_billing_unavailable[30]" time="0.133" /><testcase classname="tests.test_ai_usage_and_desc.TestAiIter44" name="test_C2_ai_usage_shape_billing_unavailable[90]" time="0.200" /><testcase classname="tests.test_ai_usage_and_desc.TestAiIter44" name="test_D1_budget_requires_admin" time="0.232" /><testcase classname="tests.test_ai_usage_and_desc.TestAiIter44" name="test_D2_budget_persists_and_clamps" time="0.640" /><testcase classname="tests.test_ai_usage_and_desc.TestAiIter44" name="test_E1_report_requires_admin" time="0.230" /><testcase classname="tests.test_ai_usage_and_desc.TestAiIter44" name="test_E2_report_send_stores_and_returns_200" time="0.471" /><testcase classname="tests.test_ai_usage_and_desc.TestAiIter44" name="test_F1_search_returns_translated_rows" time="0.213" /><testcase classname="tests.test_ai_usage_and_desc.TestAiIter44" name="test_F2_ai_calls_contains_description_kind" time="0.003" /></testsuite></testsuites>