<?xml version="1.0" encoding="utf-8"?><testsuites name="pytest tests"><testsuite name="pytest" errors="0" failures="0" skipped="0" tests="8" time="5.366" timestamp="2026-08-04T00:02:42.036248+00:00" hostname="agent-env-e8b75c74-2eca-4da1-9a8f-cbe819bbe430"><testcase classname="tests.test_iter25" name="test_car_42259236_has_18_unique_photos" time="0.357" /><testcase classname="tests.test_iter25" name="test_sample_cars_have_unique_photos" time="1.710" /><testcase classname="tests.test_iter25" name="test_relevant_sort_mercedes_heavy_taste_is_spread" time="0.394" /><testcase classname="tests.test_iter25" name="test_relevant_sort_hyundai_kia_taste_is_spread" time="0.346" /><testcase classname="tests.test_iter25" name="test_relevant_sort_empty_taste_fallback_popular" time="0.379" /><testcase classname="tests.test_iter25" name="test_relevant_sort_pagination_deep" time="0.696" /><testcase classname="tests.test_iter25" name="test_tracking_customs_plus_3_delivery_plus_7_country_only" time="0.113" /><testcase classname="tests.test_iter25" name="test_jsoncargo_container_cache_no_new_upstream" time="1.042" /></testsuite></testsuites>