<?xml version="1.0" encoding="utf-8"?><testsuites name="pytest tests"><testsuite name="pytest" errors="0" failures="0" skipped="0" tests="9" time="93.004" timestamp="2026-08-04T11:16:33.438253+00:00" hostname="agent-env-e8b75c74-2eca-4da1-9a8f-cbe819bbe430"><testcase classname="tests.test_partial_refund_and_commission" name="test_deposit_car_route_returns_commission_eur" time="0.513" /><testcase classname="tests.test_partial_refund_and_commission" name="test_deposit_status_returns_commission_eur" time="46.916" /><testcase classname="tests.test_partial_refund_and_commission" name="test_partial_refund_returns_deposit_minus_commission" time="1.755" /><testcase classname="tests.test_partial_refund_and_commission" name="test_partial_refund_persisted_in_mongo" time="0.081" /><testcase classname="tests.test_partial_refund_and_commission" name="test_partial_refund_releases_car" time="0.111" /><testcase classname="tests.test_partial_refund_and_commission" name="test_different_buyer_can_reserve_after_partial_refund" time="0.679" /><testcase classname="tests.test_partial_refund_and_commission" name="test_edge_case_commission_swallows_deposit" time="42.174" /><testcase classname="tests.test_partial_refund_and_commission" name="test_body_panels_car_42179408" time="0.137" /><testcase classname="tests.test_partial_refund_and_commission" name="test_body_panels_car_42379471_empty" time="0.122" /></testsuite></testsuites>