<?xml version="1.0" encoding="utf-8"?><testsuites name="pytest tests"><testsuite name="pytest" errors="0" failures="0" skipped="0" tests="9" time="1.747" timestamp="2026-08-03T23:21:37.720006+00:00" hostname="agent-env-e8b75c74-2eca-4da1-9a8f-cbe819bbe430"><testcase classname="tests.test_review_iter23.TestRelevantSort" name="test_relevant_with_taste" time="0.475" /><testcase classname="tests.test_review_iter23.TestRegistrationBilling" name="test_register_stores_billing" time="0.259" /><testcase classname="tests.test_review_iter23.TestRegistrationBilling" name="test_register_empty_billing_ok" time="0.247" /><testcase classname="tests.test_review_iter23.TestRelevantSort" name="test_relevant_no_taste_falls_back" time="0.338" /><testcase classname="tests.test_review_iter23.TestTasteAuth" name="test_taste_requires_auth" time="0.112" /><testcase classname="tests.test_review_iter23.TestDeliveryStep" name="test_delivery_7_days_after_last" time="0.125" /><testcase classname="tests.test_review_iter23.TestAdminBuyers" name="test_admin_buyers_lists" time="0.196" /><testcase classname="tests.test_review_iter23.TestRelevantSort" name="test_relevant_rubbish_no_500" time="0.178" /><testcase classname="tests.test_review_iter23.TestProviderCaching" name="test_two_calls_do_not_increase_quota" time="0.429" /></testsuite></testsuites>