<?xml version="1.0" encoding="utf-8"?><testsuites name="pytest tests"><testsuite name="pytest" errors="0" failures="0" skipped="0" tests="9" time="16.305" timestamp="2026-08-04T02:53:47.920288+00:00" hostname="agent-env-e8b75c74-2eca-4da1-9a8f-cbe819bbe430"><testcase classname="tests.test_security_deposit" name="test_two_factor_and_sessions" time="14.149" /><testcase classname="tests.test_relevant_sort" name="test_relevant_returns_the_same_total_as_any_other_sort" time="2.676" /><testcase classname="tests.test_relevant_sort" name="test_pages_walk_the_whole_pool_without_gaps_or_repeats" time="4.334" /><testcase classname="tests.test_relevant_sort" name="test_a_deep_page_still_works" time="0.379" /><testcase classname="tests.test_relevant_sort" name="test_one_brand_never_floods_a_page_and_never_repeats_back_to_back" time="0.349" /><testcase classname="tests.test_purchases" name="test_archived_photos_are_served_from_our_own_disk" time="0.190" /><testcase classname="tests.test_purchases" name="test_purchases_lists_the_archived_car" time="1.103" /><testcase classname="tests.test_security_deposit" name="test_deposit_is_one_percent_with_a_floor" time="1.612" /><testcase classname="tests.test_security_deposit" name="test_admin_customer_search" time="0.209" /></testsuite></testsuites>