<?xml version="1.0" encoding="utf-8"?><testsuites name="pytest tests"><testsuite name="pytest" errors="0" failures="0" skipped="0" tests="6" time="2.475" timestamp="2026-08-03T22:37:52.199757+00:00" hostname="agent-env-e8b75c74-2eca-4da1-9a8f-cbe819bbe430"><testcase classname="tests.test_recommendations" name="test_profile_returns_items_and_shape" time="0.384" /><testcase classname="tests.test_recommendations" name="test_limit_respected" time="0.172" /><testcase classname="tests.test_recommendations" name="test_empty_profile_returns_no_items" time="0.144" /><testcase classname="tests.test_recommendations" name="test_price_window_clusters_results" time="0.211" /><testcase classname="tests.test_recommendations" name="test_rubbish_input_does_not_500" time="1.052" /><testcase classname="tests.test_recommendations" name="test_why_label_is_translated_not_korean" time="0.155" /></testsuite></testsuites>