<?xml version="1.0" encoding="utf-8"?><testsuites name="pytest tests"><testsuite name="pytest" errors="0" failures="0" skipped="0" tests="6" time="1.546" timestamp="2026-08-03T21:10:10.538752+00:00" hostname="agent-env-e8b75c74-2eca-4da1-9a8f-cbe819bbe430"><testcase classname="tests.test_shipments_tracking.TestTracking" name="test_bol_271191199_no_crash" time="0.161" /><testcase classname="tests.test_shipments_tracking.TestAdminShipments" name="test_list_shipments" time="0.167" /><testcase classname="tests.test_shipments_tracking.TestTracking" name="test_seeded_MSKU5285725" time="0.129" /><testcase classname="tests.test_shipments_tracking.TestAdminShipments" name="test_assign_unknown_email_returns_404" time="0.124" /><testcase classname="tests.test_shipments_tracking.TestTracking" name="test_unknown_ref_returns_checking_fast" time="0.164" /><testcase classname="tests.test_shipments_tracking.TestAdminShipments" name="test_assign_then_delete" time="0.788" /></testsuite></testsuites>