<?xml version="1.0" encoding="utf-8"?><testsuites name="pytest tests"><testsuite name="pytest" errors="0" failures="1" skipped="0" tests="12" time="3.592" timestamp="2026-08-06T19:20:00.544102+00:00" hostname="agent-env-e8b75c74-2eca-4da1-9a8f-cbe819bbe430"><testcase classname="tests.test_iter36_gdpr.TestAccountExport" name="test_export_requires_auth" time="0.179" /><testcase classname="tests.test_iter36_gdpr.TestAdminConsent" name="test_admin_consent_requires_auth" time="0.180" /><testcase classname="tests.test_iter36_gdpr.TestAccountExport" name="test_export_has_all_keys_and_no_secrets" time="0.500" /><testcase classname="tests.test_iter36_gdpr.TestAdminConsent" name="test_admin_consent_refuses_customer" time="0.490" /><testcase classname="tests.test_iter36_gdpr.TestAdminConsent" name="test_admin_consent_shape" time="0.320" /><testcase classname="tests.test_iter36_gdpr.TestAccountExport" name="test_export_isolated_per_user" time="0.704"><failure message="AssertionError: assert 'test_isoa_6e...7@example.com' == 'test_isoA_6e...7@example.com'&#10;  &#10;  - test_isoA_6e86772567@example.com&#10;  ?         ^&#10;  + test_isoa_6e86772567@example.com&#10;  ?         ^">backend/tests/test_iter36_gdpr.py:136: in test_export_isolated_per_user
    assert data_a["account"]["email"] == email_a
E   AssertionError: assert 'test_isoa_6e...7@example.com' == 'test_isoA_6e...7@example.com'
E     
E     - test_isoA_6e86772567@example.com
E     ?         ^
E     + test_isoa_6e86772567@example.com
E     ?         ^</failure></testcase><testcase classname="tests.test_iter36_gdpr.TestAdminConsent" name="test_admin_consent_has_record_sort" time="0.343" /><testcase classname="tests.test_iter36_gdpr.TestAdminDeleteDepositGuard" name="test_paid_blocks_refunded_allows" time="0.917" /><testcase classname="tests.test_iter36_gdpr.TestAccountDeletion" name="test_wrong_password_refused" time="0.643" /><testcase classname="tests.test_iter36_gdpr.TestAccountDeletion" name="test_wrong_confirmation_refused" time="0.485" /><testcase classname="tests.test_iter36_gdpr.TestPostCode" name="test_bundle_has_post_code" time="0.706" /><testcase classname="tests.test_iter36_gdpr.TestAccountDeletion" name="test_correct_delete_removes_account" time="0.597" /></testsuite></testsuites>