<?xml version="1.0" encoding="utf-8"?><testsuites name="pytest tests"><testsuite name="pytest" errors="0" failures="1" skipped="0" tests="5" time="1.852" timestamp="2026-08-02T12:46:16.733226+00:00" hostname="agent-env-e8b75c74-2eca-4da1-9a8f-cbe819bbe430"><testcase classname="tests.test_fx_haircut" name="test_fx_haircut_arithmetic" time="0.200" /><testcase classname="tests.test_fx_haircut" name="test_settings_constants" time="0.096" /><testcase classname="tests.test_fx_haircut" name="test_car_quote_uses_buffered_rate" time="0.192" /><testcase classname="tests.test_fx_haircut" name="test_list_vs_detail_price_match" time="0.518"><failure message="AssertionError: [('42318384', 15099, 15199), ('42212840', 15699, 15799), ('42147316', 20699, 20799)]&#10;assert not [('42318384', 15099, 15199), ('42212840', 15699, 15799), ('42147316', 20699, 20799)]">backend/tests/test_fx_haircut.py:97: in test_list_vs_detail_price_match
    assert not mismatches, mismatches
E   AssertionError: [('42318384', 15099, 15199), ('42212840', 15699, 15799), ('42147316', 20699, 20799)]
E   assert not [('42318384', 15099, 15199), ('42212840', 15699, 15799), ('42147316', 20699, 20799)]</failure></testcase><testcase classname="tests.test_fx_haircut" name="test_manual_override_skips_haircut" time="0.752" /></testsuite></testsuites>