<?xml version="1.0" encoding="utf-8"?><testsuites name="pytest tests"><testsuite name="pytest" errors="0" failures="0" skipped="0" tests="11" time="5.970" timestamp="2026-08-06T14:16:30.109264+00:00" hostname="agent-env-e8b75c74-2eca-4da1-9a8f-cbe819bbe430"><testcase classname="tests.test_owner_password_admin.TestOwnerLogin" name="test_owner_can_login_with_short_password" time="0.309" /><testcase classname="tests.test_owner_password_admin.TestOwnerLogin" name="test_register_still_rejects_short_password" time="0.159" /><testcase classname="tests.test_owner_password_admin.TestPasswordChange" name="test_password_change_full_flow" time="1.783" /><testcase classname="tests.test_owner_password_admin.TestAdminRights" name="test_no_auth_returns_401" time="0.367" /><testcase classname="tests.test_owner_password_admin.TestAdminRights" name="test_unknown_email_404" time="0.318" /><testcase classname="tests.test_owner_password_admin.TestAdminRights" name="test_cannot_change_own_flag" time="0.087" /><testcase classname="tests.test_owner_password_admin.TestAdminRights" name="test_promote_and_demote_buyer" time="1.201" /><testcase classname="tests.test_owner_password_admin.TestAdminRights" name="test_admin_token_header_works" time="0.325" /><testcase classname="tests.test_owner_password_admin.TestRegression" name="test_second_admin_still_works" time="0.492" /><testcase classname="tests.test_owner_password_admin.TestRegression" name="test_normal_buyer_cannot_reach_admin" time="0.543" /><testcase classname="tests.test_owner_password_admin.TestRegression" name="test_buyers_list_includes_is_admin" time="0.311" /></testsuite></testsuites>