<?xml version="1.0" encoding="utf-8"?><testsuites name="pytest tests"><testsuite name="pytest" errors="0" failures="0" skipped="0" tests="8" time="1.758" timestamp="2026-08-03T23:42:27.671891+00:00" hostname="agent-env-e8b75c74-2eca-4da1-9a8f-cbe819bbe430"><testcase classname="tests.test_iter24.TestRecommendationsSpread" name="test_at_most_two_and_no_adjacent" time="0.334" /><testcase classname="tests.test_iter24.TestColdRelevance" name="test_cold_relevant_returns_items_no_error" time="0.440" /><testcase classname="tests.test_iter24.TestRecommendationsSpread" name="test_no_why_label_on_landing" time="0.000" /><testcase classname="tests.test_iter24.TestWarmRelevance" name="test_warm_taste_ranks_make_first" time="0.474" /><testcase classname="tests.test_iter24.TestColdRelevance" name="test_cold_relevant_rubbish_taste_is_still_ok" time="0.382" /><testcase classname="tests.test_iter24.TestTrackingEstimates" name="test_customs_and_delivery_offsets" time="0.153" /><testcase classname="tests.test_iter24.TestViewCounter" name="test_view_endpoint_returns_ok_and_persists" time="0.566" /><testcase classname="tests.test_iter24.TestProviderMetering" name="test_two_lookups_same_quota" time="0.469" /></testsuite></testsuites>