<?xml version="1.0" encoding="utf-8"?><testsuites name="pytest tests"><testsuite name="pytest" errors="0" failures="0" skipped="0" tests="15" time="2.777" timestamp="2026-09-05T09:14:23.495228+00:00" hostname="agent-env-e8b75c74-2eca-4da1-9a8f-cbe819bbe430"><testcase classname="tests.test_prerender" name="test_language_home_is_rendered" time="0.257" /><testcase classname="tests.test_dedupe_twins" name="test_relisted_ad_with_fresh_photos_is_hidden" time="0.030" /><testcase classname="tests.test_dedupe_twins" name="test_different_cars_are_left_alone" time="0.018" /><testcase classname="tests.test_dedupe_twins" name="test_missing_mileage_never_groups" time="0.021" /><testcase classname="tests.test_dedupe_twins" name="test_vehicle_key_pass_still_runs_first" time="0.036" /><testcase classname="tests.test_prerender" name="test_car_page_carries_its_own_metadata" time="0.280" /><testcase classname="tests.test_prerender" name="test_car_page_has_a_price_and_spec" time="0.101" /><testcase classname="tests.test_prerender" name="test_unknown_listing_is_a_real_404" time="0.115" /><testcase classname="tests.test_prerender" name="test_unknown_make_slug_is_a_real_404" time="0.101" /><testcase classname="tests.test_prerender" name="test_filter_urls_are_never_indexed" time="0.106" /><testcase classname="tests.test_prerender" name="test_junk_filter_tokens_are_gone" time="0.101" /><testcase classname="tests.test_prerender" name="test_private_pages_are_noindex_nofollow" time="0.307" /><testcase classname="tests.test_prerender" name="test_static_pages_are_rendered" time="0.343" /><testcase classname="tests.test_prerender" name="test_every_language_gets_its_own_head" time="0.481" /><testcase classname="tests.test_prerender" name="test_shell_scripts_survive" time="0.101" /></testsuite></testsuites>