<?xml version="1.0" encoding="utf-8"?><testsuites name="pytest tests"><testsuite name="pytest" errors="0" failures="0" skipped="0" tests="10" time="2.947" timestamp="2026-09-05T09:14:54.563679+00:00" hostname="agent-env-e8b75c74-2eca-4da1-9a8f-cbe819bbe430"><testcase classname="tests.test_prerender_extended" name="test_price_min_only_is_noindex_with_clean_canonical" time="0.274" /><testcase classname="tests.test_prerender_extended" name="test_car_canonical_ends_with_slug" time="0.259" /><testcase classname="tests.test_prerender_extended" name="test_purchases_and_admin_are_noindex_nofollow" time="0.214" /><testcase classname="tests.test_prerender_extended" name="test_more_static_routes" time="0.555" /><testcase classname="tests.test_prerender_extended" name="test_meta_description_differs_across_languages" time="0.498" /><testcase classname="tests.test_prerender_extended" name="test_health_endpoint_still_ok" time="0.206" /><testcase classname="tests.test_prerender_extended" name="test_sitemaps_still_ok" time="0.319" /><testcase classname="tests.test_prerender_extended" name="test_robots_still_ok" time="0.095" /><testcase classname="tests.test_prerender_extended" name="test_share_car_still_ok" time="0.102" /><testcase classname="tests.test_prerender_extended" name="test_car_direct_endpoint_still_ok" time="0.103" /></testsuite></testsuites>