<?xml version="1.0" encoding="utf-8"?><testsuites name="pytest tests"><testsuite name="pytest" errors="0" failures="4" skipped="0" tests="13" time="5.629" timestamp="2026-09-06T20:12:43.114223+00:00" hostname="agent-env-e8b75c74-2eca-4da1-9a8f-cbe819bbe430"><testcase classname="tests.test_encar_route" name="test_mode_decides_the_route" time="0.001" /><testcase classname="tests.test_consent_reask" name="test_reask_is_public_and_switchable" time="0.670"><failure message="assert 401 == 200&#10; +  where 401 = &lt;Response [401]&gt;.status_code">tests/test_consent_reask.py:49: in test_reask_is_public_and_switchable
    assert on.status_code == 200
E   assert 401 == 200
E    +  where 401 = &lt;Response [401]&gt;.status_code</failure></testcase><testcase classname="tests.test_encar_route" name="test_bad_mode_is_ignored" time="0.000" /><testcase classname="tests.test_encar_route" name="test_switch_rebuilds_the_client_and_clears_the_breaker" time="0.076" /><testcase classname="tests.test_encar_route" name="test_transport_failure_fails_over_to_the_other_route" time="2.004" /><testcase classname="tests.test_consent_reask" name="test_reask_needs_an_admin" time="0.377" /><testcase classname="tests.test_consent_reask" name="test_a_decision_older_than_the_reask_is_waiting" time="0.894"><failure message="KeyError: 'items'">tests/test_consent_reask.py:76: in test_a_decision_older_than_the_reask_is_waiting
    row = _row(email)
          ^^^^^^^^^^^
tests/test_consent_reask.py:87: in _row
    hit = [r for r in log["items"] if r["email"] == email]
                      ^^^^^^^^^^^^
E   KeyError: 'items'</failure></testcase><testcase classname="tests.test_consent_reask" name="test_guest_decision_is_carried_onto_a_fresh_account" time="0.790"><failure message="KeyError: 'items'">tests/test_consent_reask.py:111: in test_guest_decision_is_carried_onto_a_fresh_account
    row = _row(email)
          ^^^^^^^^^^^
tests/test_consent_reask.py:87: in _row
    hit = [r for r in log["items"] if r["email"] == email]
                      ^^^^^^^^^^^^
E   KeyError: 'items'</failure></testcase><testcase classname="tests.test_encar_route" name="test_no_alternate_route_means_no_failover" time="0.001" /><testcase classname="tests.test_encar_route" name="test_status_never_leaks_the_proxy" time="0.000" /><testcase classname="tests.test_consent_reask" name="test_an_older_carried_decision_never_overwrites_a_newer_one" time="0.849" /><testcase classname="tests.test_consent_reask" name="test_an_empty_decision_is_refused_and_needs_a_session" time="0.792" /><testcase classname="tests.test_consent_reask" name="test_a_refusal_is_carried_too" time="0.841"><failure message="KeyError: 'items'">tests/test_consent_reask.py:151: in test_a_refusal_is_carried_too
    row = _row(email)
          ^^^^^^^^^^^
tests/test_consent_reask.py:87: in _row
    hit = [r for r in log["items"] if r["email"] == email]
                      ^^^^^^^^^^^^
E   KeyError: 'items'</failure></testcase></testsuite></testsuites>