<?xml version="1.0" encoding="utf-8"?><testsuites name="pytest tests"><testsuite name="pytest" errors="0" failures="0" skipped="0" tests="16" time="2.244" timestamp="2026-08-02T16:39:34.648333+00:00" hostname="agent-env-e8b75c74-2eca-4da1-9a8f-cbe819bbe430"><testcase classname="tests.test_saved_searches_and_seo.TestLangRedirect" name="test_bare_root_serves_html" time="0.243" /><testcase classname="tests.test_saved_searches_and_seo.TestLangRedirect" name="test_prefixed_paths_serve_shell[/bg]" time="0.108" /><testcase classname="tests.test_saved_searches_and_seo.TestSavedSearches" name="test_get_initial" time="0.346" /><testcase classname="tests.test_saved_searches_and_seo.TestLangRedirect" name="test_prefixed_paths_serve_shell[/ro]" time="0.104" /><testcase classname="tests.test_saved_searches_and_seo.TestLangRedirect" name="test_prefixed_paths_serve_shell[/en]" time="0.125" /><testcase classname="tests.test_saved_searches_and_seo.TestSavedSearches" name="test_put_and_persist" time="0.327" /><testcase classname="tests.test_saved_searches_and_seo.TestLangRedirect" name="test_prefixed_paths_serve_shell[/en/saved]" time="0.093" /><testcase classname="tests.test_saved_searches_and_seo.TestLangRedirect" name="test_prefixed_paths_serve_shell[/en/how-it-works]" time="0.106" /><testcase classname="tests.test_saved_searches_and_seo.TestLangRedirect" name="test_prefixed_paths_serve_shell[/en/searches]" time="0.105" /><testcase classname="tests.test_saved_searches_and_seo.TestSavedSearches" name="test_dedupe_and_cap" time="0.184" /><testcase classname="tests.test_saved_searches_and_seo.TestSEOEndpoints" name="test_robots" time="0.100" /><testcase classname="tests.test_saved_searches_and_seo.TestSEOEndpoints" name="test_sitemap" time="0.135" /><testcase classname="tests.test_saved_searches_and_seo.TestSavedSearches" name="test_merge_folds_local_into_account" time="0.270" /><testcase classname="tests.test_saved_searches_and_seo.TestSavedSearches" name="test_merge_no_duplicate_query" time="0.308" /><testcase classname="tests.test_saved_searches_and_seo.TestSavedSearches" name="test_cleanup" time="0.380" /><testcase classname="tests.test_saved_searches_and_seo.TestSavedSearches" name="test_auth_required" time="0.097" /></testsuite></testsuites>