<?xml version="1.0" encoding="utf-8"?><testsuites name="pytest tests"><testsuite name="pytest" errors="0" failures="0" skipped="0" tests="11" time="1.998" timestamp="2026-08-09T15:57:12.339250+00:00" hostname="agent-env-e8b75c74-2eca-4da1-9a8f-cbe819bbe430"><testcase classname="tests.test_share_titles" name="test_cayenne_no_generation_code_no_years" time="0.209" /><testcase classname="tests.test_share_titles" name="test_all_new_stripped_tucson" time="0.101" /><testcase classname="tests.test_share_titles" name="test_all_new_stripped_morning" time="0.113" /><testcase classname="tests.test_share_titles" name="test_sportage_has_submodel_and_trim" time="0.105" /><testcase classname="tests.test_share_titles" name="test_amg_gt_has_submodel_and_trim" time="0.106" /><testcase classname="tests.test_share_titles" name="test_no_cyrillic_in_trim_sportage" time="0.109" /><testcase classname="tests.test_share_titles" name="test_no_cyrillic_42072910" time="0.110" /><testcase classname="tests.test_share_titles" name="test_share_og_description_and_image" time="0.258" /><testcase classname="tests.test_share_titles" name="test_track_share_image_is_map_png" time="0.241" /><testcase classname="tests.test_share_titles" name="test_normal_browser_gets_app_shell" time="0.107" /><testcase classname="tests.test_share_titles" name="test_crawler_ua_on_frontend_url_reaches_share" time="0.210" /></testsuite></testsuites>