<?xml version="1.0" encoding="utf-8"?><testsuites name="pytest tests"><testsuite name="pytest" errors="0" failures="0" skipped="0" tests="12" time="1.111" timestamp="2026-08-03T10:55:04.110323+00:00" hostname="agent-env-e8b75c74-2eca-4da1-9a8f-cbe819bbe430"><testcase classname="tests.test_english_slugs.TestTaxonomySlugs" name="test_level1_62_unique_makes_and_slugs" time="0.197" /><testcase classname="tests.test_english_slugs.TestResolve" name="test_resolve_make_only" time="0.192" /><testcase classname="tests.test_english_slugs.TestTaxonomySlugs" name="test_level1_stable_across_calls" time="0.105" /><testcase classname="tests.test_english_slugs.TestResolve" name="test_resolve_make_and_model" time="0.152" /><testcase classname="tests.test_english_slugs.TestResolve" name="test_resolve_fuels_and_regions" time="0.089" /><testcase classname="tests.test_english_slugs.TestTaxonomySlugs" name="test_level2_unique_for_hyundai" time="0.109" /><testcase classname="tests.test_english_slugs.TestResolve" name="test_resolve_unknown_slug_echoed" time="0.046" /><testcase classname="tests.test_english_slugs.TestTaxonomySlugs" name="test_level3_unique_for_hyundai_model" time="0.109" /><testcase classname="tests.test_english_slugs.TestResolve" name="test_resolve_raw_korean_echoed" time="0.094" /><testcase classname="tests.test_english_slugs.TestFiltersSlugs" name="test_filters_have_slugs" time="0.049" /><testcase classname="tests.test_english_slugs.TestSearchWithResolved" name="test_search_matches_resolved_values" time="0.221" /><testcase classname="tests.test_english_slugs.TestResolve" name="test_resolve_empty_params" time="0.047" /></testsuite></testsuites>