<?xml version="1.0" encoding="utf-8"?><testsuites name="pytest tests"><testsuite name="pytest" errors="0" failures="0" skipped="0" tests="6" time="0.878" timestamp="2026-08-02T11:49:49.467692+00:00" hostname="agent-env-e8b75c74-2eca-4da1-9a8f-cbe819bbe430"><testcase classname="tests.test_swipe_translate" name="test_by_ids_returns_both_in_order" time="0.210" /><testcase classname="tests.test_swipe_translate" name="test_by_ids_reversed_order" time="0.048" /><testcase classname="tests.test_swipe_translate" name="test_by_ids_empty" time="0.048" /><testcase classname="tests.test_swipe_translate" name="test_by_ids_includes_images_array" time="0.051" /><testcase classname="tests.test_swipe_translate" name="test_translate_description_bg" time="0.110" /><testcase classname="tests.test_swipe_translate" name="test_translate_description_missing_car" time="0.048" /></testsuite></testsuites>